2024-07-04 22:28:53,252 INFO Программа начала выполнение
2024-07-04 22:28:53,285 INFO Создание окна
2024-07-04 22:28:53,291 INFO Создание виджетов завершено
2024-07-04 22:28:53,292 INFO Текст нанесён на виджеты
2024-07-04 22:28:53,292 INFO Связывание функций с кнопками
2024-07-04 22:28:53,292 INFO Связывание функций с кнопками завершено
2024-07-04 22:29:25,381 DEBUG Изображение не выбрано, что вызвало исключение
2024-07-04 22:29:38,266 INFO Ограничение значений spins завершено
2024-07-04 22:29:38,267 INFO Создано изображение при помощи камеры, сохранено в ../imgs/origin/screen981212.png
2024-07-04 22:30:04,211 INFO Метод передающий цветовой канал изображения завершён(переданный канал - RED), сохранено в {fileName}
2024-07-04 22:30:13,921 INFO Загруженно изображение, из D:/python программы/SummerPractis/imgs/origin/screen981212.png
2024-07-04 22:30:13,987 DEBUG STREAM b'IHDR' 16 13
2024-07-04 22:30:13,988 DEBUG STREAM b'IDAT' 41 8192
2024-07-04 22:30:14,145 INFO Ограничение значений spins завершено
2024-07-04 22:30:14,145 INFO Загруженное изображение, сохранено в ../imgs/origin/screen007891.png
2024-07-04 22:30:28,061 INFO Метод обрезки изображения завершён (length=439, width=379,vertical=100,horisontal=200) сохранено в ../imgs/CD/CD048500.png
2024-07-04 22:30:28,061 INFO Ограничение значений spins завершено
2024-07-04 22:30:47,302 INFO Загруженно изображение, из D:/python программы/SummerPractis/imgs/origin/screen981212.png
2024-07-04 22:30:47,303 DEBUG STREAM b'IHDR' 16 13
2024-07-04 22:30:47,303 DEBUG STREAM b'IDAT' 41 8192
2024-07-04 22:30:47,452 INFO Ограничение значений spins завершено
2024-07-04 22:30:47,452 INFO Загруженное изображение, сохранено в ../imgs/origin/screen678479.png
2024-07-04 22:30:49,373 INFO Метод повышения яркости завершён (value=153), сохранено в ../imgs/BN/BN863460.png
2024-07-04 22:30:56,601 INFO Загруженно изображение, из D:/python программы/SummerPractis/imgs/origin/screen981212.png
2024-07-04 22:30:56,602 DEBUG STREAM b'IHDR' 16 13
2024-07-04 22:30:56,602 DEBUG STREAM b'IDAT' 41 8192
2024-07-04 22:30:56,754 INFO Ограничение значений spins завершено
2024-07-04 22:30:56,754 INFO Загруженное изображение, сохранено в ../imgs/origin/screen427907.png
2024-07-04 22:31:11,528 INFO Метод Рисования окружности завершён (center=(400, 300), radius=100, depth=6, color=(0,0,255)), сохранено в ../imgs/DC/DC295730.png
